# JRE version: OpenJDK Runtime Environment Microsoft-40648 (11.0.16.1+1) (build 11.0.16.1+1-LTS)
# Java VM: OpenJDK 64-Bit Server VM Microsoft-40648 (11.0.16.1+1-LTS, mixed mode, tiered, compressed oops, g1 gc, windows-amd64)
Heap:
 garbage-first heap   total 126976K, used 28982K [0x0000000084000000, 0x0000000100000000)
  region size 1024K, 17 young (17408K), 7 survivors (7168K)
 Metaspace       used 30810K, capacity 32220K, committed 32304K, reserved 1077248K
  class space    used 3834K, capacity 4440K, committed 4480K, reserved 1048576K
GC Heap History (6 events):
Event: 0.862 GC heap before
{Heap before GC invocations=0 (full 0):
 garbage-first heap   total 126976K, used 23552K [0x0000000084000000, 0x0000000100000000)
  region size 1024K, 24 young (24576K), 0 survivors (0K)
 Metaspace       used 10975K, capacity 11289K, committed 11520K, reserved 1058816K
  class space    used 1084K, capacity 1237K, committed 1280K, reserved 1048576K
}
Event: 0.866 GC heap after
{Heap after GC invocations=1 (full 0):
 garbage-first heap   total 126976K, used 3072K [0x0000000084000000, 0x0000000100000000)
  region size 1024K, 3 young (3072K), 3 survivors (3072K)
 Metaspace       used 10975K, capacity 11289K, committed 11520K, reserved 1058816K
  class space    used 1084K, capacity 1237K, committed 1280K, reserved 1048576K
}
Event: 1.764 GC heap before
{Heap before GC invocations=1 (full 0):
 garbage-first heap   total 126976K, used 35840K [0x0000000084000000, 0x0000000100000000)
  region size 1024K, 36 young (36864K), 3 survivors (3072K)
 Metaspace       used 20513K, capacity 21102K, committed 21296K, reserved 1069056K
  class space    used 2326K, capacity 2578K, committed 2688K, reserved 1048576K
}
Event: 1.774 GC heap after
{Heap after GC invocations=2 (full 0):
 garbage-first heap   total 126976K, used 8339K [0x0000000084000000, 0x0000000100000000)
  region size 1024K, 9 young (9216K), 9 survivors (9216K)
 Metaspace       used 20513K, capacity 21102K, committed 21296K, reserved 1069056K
  class space    used 2326K, capacity 2578K, committed 2688K, reserved 1048576K
}
Event: 10.264 GC heap before
{Heap before GC invocations=3 (full 0):
 garbage-first heap   total 126976K, used 56467K [0x0000000084000000, 0x0000000100000000)
  region size 1024K, 55 young (56320K), 9 survivors (9216K)
 Metaspace       used 29216K, capacity 30459K, committed 30512K, reserved 1075200K
  class space    used 3637K, capacity 4179K, committed 4224K, reserved 1048576K
}
Event: 10.285 GC heap after
{Heap after GC invocations=4 (full 0):
 garbage-first heap   total 126976K, used 17718K [0x0000000084000000, 0x0000000100000000)
  region size 1024K, 7 young (7168K), 7 survivors (7168K)
 Metaspace       used 29216K, capacity 30459K, committed 30512K, reserved 1075200K
  class space    used 3637K, capacity 4179K, committed 4224K, reserved 1048576K
}

