# JRE version: OpenJDK Runtime Environment Microsoft-40648 (11.0.16.1+1) (build 11.0.16.1+1-LTS)
# Java VM: OpenJDK 64-Bit Server VM Microsoft-40648 (11.0.16.1+1-LTS, mixed mode, tiered, compressed oops, g1 gc, windows-amd64)
Heap:
 garbage-first heap   total 126976K, used 19885K [0x0000000084000000, 0x0000000100000000)
  region size 1024K, 11 young (11264K), 7 survivors (7168K)
 Metaspace       used 29467K, capacity 30697K, committed 30768K, reserved 1075200K
  class space    used 3656K, capacity 4213K, committed 4224K, reserved 1048576K
GC Heap History (6 events):
Event: 0.714 GC heap before
{Heap before GC invocations=0 (full 0):
 garbage-first heap   total 126976K, used 23552K [0x0000000084000000, 0x0000000100000000)
  region size 1024K, 24 young (24576K), 0 survivors (0K)
 Metaspace       used 10968K, capacity 11288K, committed 11520K, reserved 1058816K
  class space    used 1082K, capacity 1237K, committed 1280K, reserved 1048576K
}
Event: 0.718 GC heap after
{Heap after GC invocations=1 (full 0):
 garbage-first heap   total 126976K, used 3026K [0x0000000084000000, 0x0000000100000000)
  region size 1024K, 3 young (3072K), 3 survivors (3072K)
 Metaspace       used 10968K, capacity 11288K, committed 11520K, reserved 1058816K
  class space    used 1082K, capacity 1237K, committed 1280K, reserved 1048576K
}
Event: 1.618 GC heap before
{Heap before GC invocations=1 (full 0):
 garbage-first heap   total 126976K, used 34770K [0x0000000084000000, 0x0000000100000000)
  region size 1024K, 35 young (35840K), 3 survivors (3072K)
 Metaspace       used 20522K, capacity 21101K, committed 21296K, reserved 1069056K
  class space    used 2331K, capacity 2578K, committed 2688K, reserved 1048576K
}
Event: 1.632 GC heap after
{Heap after GC invocations=2 (full 0):
 garbage-first heap   total 126976K, used 8123K [0x0000000084000000, 0x0000000100000000)
  region size 1024K, 8 young (8192K), 8 survivors (8192K)
 Metaspace       used 20522K, capacity 21101K, committed 21296K, reserved 1069056K
  class space    used 2331K, capacity 2578K, committed 2688K, reserved 1048576K
}
Event: 11.646 GC heap before
{Heap before GC invocations=3 (full 0):
 garbage-first heap   total 126976K, used 54203K [0x0000000084000000, 0x0000000100000000)
  region size 1024K, 52 young (53248K), 8 survivors (8192K)
 Metaspace       used 28874K, capacity 30061K, committed 30256K, reserved 1075200K
  class space    used 3607K, capacity 4111K, committed 4224K, reserved 1048576K
}
Event: 11.659 GC heap after
{Heap after GC invocations=4 (full 0):
 garbage-first heap   total 126976K, used 16813K [0x0000000084000000, 0x0000000100000000)
  region size 1024K, 7 young (7168K), 7 survivors (7168K)
 Metaspace       used 28874K, capacity 30061K, committed 30256K, reserved 1075200K
  class space    used 3607K, capacity 4111K, committed 4224K, reserved 1048576K
}

