# JRE version: OpenJDK Runtime Environment Microsoft-40648 (11.0.16.1+1) (build 11.0.16.1+1-LTS)
# Java VM: OpenJDK 64-Bit Server VM Microsoft-40648 (11.0.16.1+1-LTS, mixed mode, tiered, compressed oops, g1 gc, windows-amd64)
Heap:
 garbage-first heap   total 126976K, used 22556K [0x0000000084000000, 0x0000000100000000)
  region size 1024K, 14 young (14336K), 7 survivors (7168K)
 Metaspace       used 29673K, capacity 30845K, committed 31024K, reserved 1077248K
  class space    used 3631K, capacity 4176K, committed 4224K, reserved 1048576K
GC Heap History (6 events):
Event: 0.934 GC heap before
{Heap before GC invocations=0 (full 0):
 garbage-first heap   total 126976K, used 23552K [0x0000000084000000, 0x0000000100000000)
  region size 1024K, 24 young (24576K), 0 survivors (0K)
 Metaspace       used 10967K, capacity 11288K, committed 11520K, reserved 1058816K
  class space    used 1082K, capacity 1237K, committed 1280K, reserved 1048576K
}
Event: 0.938 GC heap after
{Heap after GC invocations=1 (full 0):
 garbage-first heap   total 126976K, used 3006K [0x0000000084000000, 0x0000000100000000)
  region size 1024K, 3 young (3072K), 3 survivors (3072K)
 Metaspace       used 10967K, capacity 11288K, committed 11520K, reserved 1058816K
  class space    used 1082K, capacity 1237K, committed 1280K, reserved 1048576K
}
Event: 2.173 GC heap before
{Heap before GC invocations=1 (full 0):
 garbage-first heap   total 126976K, used 34750K [0x0000000084000000, 0x0000000100000000)
  region size 1024K, 35 young (35840K), 3 survivors (3072K)
 Metaspace       used 20520K, capacity 21101K, committed 21296K, reserved 1069056K
  class space    used 2327K, capacity 2578K, committed 2688K, reserved 1048576K
}
Event: 2.185 GC heap after
{Heap after GC invocations=2 (full 0):
 garbage-first heap   total 126976K, used 7990K [0x0000000084000000, 0x0000000100000000)
  region size 1024K, 8 young (8192K), 8 survivors (8192K)
 Metaspace       used 20520K, capacity 21101K, committed 21296K, reserved 1069056K
  class space    used 2327K, capacity 2578K, committed 2688K, reserved 1048576K
}
Event: 42.831 GC heap before
{Heap before GC invocations=3 (full 0):
 garbage-first heap   total 126976K, used 55094K [0x0000000084000000, 0x0000000100000000)
  region size 1024K, 53 young (54272K), 8 survivors (8192K)
 Metaspace       used 29341K, capacity 30536K, committed 30768K, reserved 1075200K
  class space    used 3615K, capacity 4144K, committed 4224K, reserved 1048576K
}
Event: 42.844 GC heap after
{Heap after GC invocations=4 (full 0):
 garbage-first heap   total 126976K, used 16412K [0x0000000084000000, 0x0000000100000000)
  region size 1024K, 7 young (7168K), 7 survivors (7168K)
 Metaspace       used 29341K, capacity 30536K, committed 30768K, reserved 1075200K
  class space    used 3615K, capacity 4144K, committed 4224K, reserved 1048576K
}

